Arguments: 
  /Users/mindconsulting/.nvm/versions/node/v16.15.0/bin/node /opt/homebrew/bin/yarn add -D eslint-config-universe

PATH: 
  /opt/homebrew/opt/ruby/bin:/Users/mindconsulting/.nvm/versions/node/v16.15.0/bin:/opt/homebrew/bin:/opt/homebrew/sbin:/usr/local/bin:/usr/bin:/bin:/usr/sbin:/sbin:/Library/Apple/usr/bin:/opt/homebrew/opt/ruby/bin:/Users/mindconsulting/.nvm/versions/node/v16.15.0/bin:/opt/homebrew/bin:/opt/homebrew/sbin:/Users/mindconsulting/Library/Android/sdk/emulator:/Users/mindconsulting/Library/Android/sdk/tools:/Users/mindconsulting/Library/Android/sdk/tools/bin:/Users/mindconsulting/Library/Android/sdk/platform-tools:/Users/mindconsulting/Library/Android/sdk/emulator:/Users/mindconsulting/Library/Android/sdk/tools:/Users/mindconsulting/Library/Android/sdk/tools/bin:/Users/mindconsulting/Library/Android/sdk/platform-tools

Yarn version: 
  1.22.17

Node version: 
  16.15.0

Platform: 
  darwin arm64

Trace: 
  Error: https://registry.npmjs.org/typescript: ESOCKETTIMEDOUT
      at ClientRequest.<anonymous> (/opt/homebrew/lib/node_modules/yarn/lib/cli.js:141510:19)
      at Object.onceWrapper (node:events:641:28)
      at ClientRequest.emit (node:events:527:28)
      at TLSSocket.emitRequestTimeout (node:_http_client:771:9)
      at Object.onceWrapper (node:events:641:28)
      at TLSSocket.emit (node:events:539:35)
      at TLSSocket.Socket._onTimeout (node:net:516:8)
      at listOnTimeout (node:internal/timers:559:17)
      at processTimers (node:internal/timers:502:7)

npm manifest: 
  {
    "name": "airbnb-clone-mc",
    "version": "1.0.0",
    "main": "node_modules/expo/AppEntry.js",
    "scripts": {
      "start": "expo start",
      "android": "expo start --android",
      "ios": "expo start --ios",
      "web": "expo start --web"
    },
    "dependencies": {
      "expo": "~47.0.6",
      "expo-status-bar": "~1.4.2",
      "react": "18.1.0",
      "react-dom": "18.1.0",
      "react-native": "0.70.5",
      "react-native-web": "~0.18.9"
    },
    "devDependencies": {
      "@babel/core": "^7.12.9",
      "@types/react": "~18.0.14",
      "@types/react-native": "~0.70.6",
      "typescript": "^4.6.3"
    },
    "private": true
  }

yarn manifest: 
  No manifest

Lockfile: 
  No lockfile
